mode: set
claude-proxy/internal/terminal/manager.go:20.44,25.2 1 1
claude-proxy/internal/terminal/manager.go:28.71,30.2 1 1
claude-proxy/internal/terminal/manager.go:33.103,38.52 3 1
claude-proxy/internal/terminal/manager.go:38.52,40.3 1 1
claude-proxy/internal/terminal/manager.go:43.2,52.16 3 1
claude-proxy/internal/terminal/manager.go:52.16,54.3 1 0
claude-proxy/internal/terminal/manager.go:56.2,59.48 2 1
claude-proxy/internal/terminal/manager.go:59.48,61.3 1 0
claude-proxy/internal/terminal/manager.go:64.2,64.55 1 1
claude-proxy/internal/terminal/manager.go:64.55,66.3 1 0
claude-proxy/internal/terminal/manager.go:69.2,72.12 3 1
claude-proxy/internal/terminal/manager.go:76.60,81.13 4 1
claude-proxy/internal/terminal/manager.go:81.13,83.3 1 1
claude-proxy/internal/terminal/manager.go:86.2,89.64 2 1
claude-proxy/internal/terminal/manager.go:89.64,90.57 1 1
claude-proxy/internal/terminal/manager.go:90.57,93.4 2 0
claude-proxy/internal/terminal/manager.go:97.2,97.29 1 1
claude-proxy/internal/terminal/manager.go:97.29,99.3 1 1
claude-proxy/internal/terminal/manager.go:101.2,102.12 2 1
claude-proxy/internal/terminal/manager.go:106.75,111.13 4 1
claude-proxy/internal/terminal/manager.go:111.13,113.3 1 1
claude-proxy/internal/terminal/manager.go:115.2,115.27 1 1
claude-proxy/internal/terminal/manager.go:115.27,117.3 1 1
claude-proxy/internal/terminal/manager.go:120.2,125.27 4 1
claude-proxy/internal/terminal/manager.go:125.27,127.3 1 0
claude-proxy/internal/terminal/manager.go:129.2,129.70 1 1
claude-proxy/internal/terminal/manager.go:129.70,131.3 1 0
claude-proxy/internal/terminal/manager.go:133.2,133.47 1 1
claude-proxy/internal/terminal/manager.go:133.47,135.3 1 0
claude-proxy/internal/terminal/manager.go:137.2,137.12 1 1
claude-proxy/internal/terminal/manager.go:141.71,147.2 4 1
claude-proxy/internal/terminal/manager.go:150.56,155.40 4 1
claude-proxy/internal/terminal/manager.go:155.40,157.3 1 1
claude-proxy/internal/terminal/manager.go:159.2,159.18 1 1
claude-proxy/internal/terminal/manager.go:163.45,167.2 3 1
claude-proxy/internal/terminal/manager.go:170.75,173.21 2 1
claude-proxy/internal/terminal/manager.go:174.22,175.31 1 1
claude-proxy/internal/terminal/manager.go:176.21,177.31 1 0
claude-proxy/internal/terminal/manager.go:178.18,179.40 1 0
claude-proxy/internal/terminal/manager.go:180.17,181.30 1 0
claude-proxy/internal/terminal/manager.go:182.18,184.37 1 1
claude-proxy/internal/terminal/manager.go:185.10,186.13 1 0
claude-proxy/internal/terminal/manager.go:190.2,190.29 1 1
claude-proxy/internal/terminal/manager.go:190.29,192.3 1 1
claude-proxy/internal/terminal/manager.go:195.2,195.31 1 1
claude-proxy/internal/terminal/manager.go:195.31,196.46 1 0
claude-proxy/internal/terminal/manager.go:196.46,198.4 1 0
claude-proxy/internal/terminal/manager.go:202.2,202.24 1 1
claude-proxy/internal/terminal/manager.go:202.24,204.3 1 0
claude-proxy/internal/terminal/manager.go:206.2,206.12 1 1
claude-proxy/internal/terminal/manager.go:210.65,213.16 2 1
claude-proxy/internal/terminal/manager.go:213.16,215.3 1 0
claude-proxy/internal/terminal/manager.go:216.2,220.16 3 1
claude-proxy/internal/terminal/manager.go:220.16,222.3 1 0
claude-proxy/internal/terminal/manager.go:223.2,225.12 2 1
claude-proxy/internal/terminal/manager.go:229.88,237.12 4 1
claude-proxy/internal/terminal/manager.go:237.12,239.3 1 1
claude-proxy/internal/terminal/manager.go:241.2,241.9 1 1
claude-proxy/internal/terminal/manager.go:242.21,243.17 1 1
claude-proxy/internal/terminal/manager.go:243.17,246.4 2 0
claude-proxy/internal/terminal/manager.go:247.3,247.13 1 1
claude-proxy/internal/terminal/manager.go:248.27,250.26 2 0
claude-proxy/internal/terminal/manager.go:251.37,253.48 2 0
claude-proxy/internal/terminal/types.go:21.39,22.11 1 1
claude-proxy/internal/terminal/types.go:23.22,24.18 1 1
claude-proxy/internal/terminal/types.go:25.21,26.18 1 1
claude-proxy/internal/terminal/types.go:27.18,28.18 1 1
claude-proxy/internal/terminal/types.go:29.17,30.17 1 1
claude-proxy/internal/terminal/types.go:31.18,32.18 1 1
claude-proxy/internal/terminal/types.go:33.10,34.19 1 1
claude-proxy/internal/terminal/types.go:39.44,40.11 1 1
claude-proxy/internal/terminal/types.go:41.22,42.18 1 1
claude-proxy/internal/terminal/types.go:43.21,44.18 1 1
claude-proxy/internal/terminal/types.go:45.18,46.18 1 1
claude-proxy/internal/terminal/types.go:47.17,48.17 1 1
claude-proxy/internal/terminal/types.go:49.10,50.16 1 1
claude-proxy/internal/terminal/types.go:66.41,67.11 1 1
claude-proxy/internal/terminal/types.go:68.21,69.19 1 1
claude-proxy/internal/terminal/types.go:70.22,71.20 1 1
claude-proxy/internal/terminal/types.go:72.21,73.19 1 1
claude-proxy/internal/terminal/types.go:74.22,75.20 1 1
claude-proxy/internal/terminal/types.go:76.19,77.17 1 1
claude-proxy/internal/terminal/types.go:78.10,79.19 1 1
claude-proxy/internal/terminal/types.go:96.47,100.2 3 1
claude-proxy/internal/terminal/types.go:103.53,107.2 3 1
claude-proxy/internal/terminal/types.go:110.37,112.2 1 1
